
*** Running vivado
    with args -log system_PI_ctrl_0_0.vds -m64 -product Vivado -mode batch -messageDb vivado.pb -notrace -source system_PI_ctrl_0_0.tcl



****** Vivado v2022.1 (64-bit)
  **** SW Build 3526262 on Mon Apr 18 15:48:16 MDT 2022
  **** IP Build 3524634 on Mon Apr 18 20:55:01 MDT 2022
    ** Copyright 1986-2022 Xilinx, Inc. All Rights Reserved.

source system_PI_ctrl_0_0.tcl -notrace
INFO: [IP_Flow 19-234] Refreshing IP repositories
INFO: [IP_Flow 19-1700] Loaded user IP repository 'c:/users/BenMillward/Desktop/Complete_setup/tmp/cores'.
INFO: [IP_Flow 19-2313] Loaded Vivado IP repository 'E:/FPGA_folder/Xilinix/Vivado/2022.1/data/ip'.
WARNING: [IP_Flow 19-4995] The host OS only allows 260 characters in a normal path. The IP cache path is more than 80 characters. If you experience issues with IP caching, please consider changing the IP cache to a location with a shorter path. Alternately consider using the OS subst command to map part of the path to a drive letter. 
Current IP cache path is c:/Users/BenMillward/Desktop/Complete_setup/tmp/PID_CPU_FINAL/PID_CPU_FINAL.cache/ip 
Command: synth_design -top system_PI_ctrl_0_0 -part xc7z010clg400-1 -incremental_mode off -mode out_of_context
Starting synth_design
Attempting to get a license for feature 'Synthesis' and/or device 'xc7z010'
INFO: [Common 17-349] Got license for feature 'Synthesis' and/or device 'xc7z010'
INFO: [Device 21-403] Loading part xc7z010clg400-1
INFO: [Synth 8-7079] Multithreading enabled for synth_design using a maximum of 2 processes.
INFO: [Synth 8-7078] Launching helper process for spawning children vivado processes
INFO: [Synth 8-7075] Helper process launched with PID 14376
---------------------------------------------------------------------------------
Starting RTL Elaboration : Time (s): cpu = 00:00:06 ; elapsed = 00:00:07 . Memory (MB): peak = 1281.215 ; gain = 0.000
---------------------------------------------------------------------------------
INFO: [Synth 8-6157] synthesizing module 'system_PI_ctrl_0_0' [c:/Users/BenMillward/Desktop/Complete_setup/tmp/PID_CPU_FINAL/PID_CPU_FINAL.gen/sources_1/bd/system/ip/system_PI_ctrl_0_0/synth/system_PI_ctrl_0_0.v:53]
INFO: [Synth 8-6157] synthesizing module 'PI_ctrl' [C:/Users/BenMillward/Desktop/Complete_setup/tmp/PID_CPU_FINAL/PID_CPU_FINAL.srcs/sources_1/new/PID_Controller.v:3]
INFO: [Synth 8-6155] done synthesizing module 'PI_ctrl' (0#1) [C:/Users/BenMillward/Desktop/Complete_setup/tmp/PID_CPU_FINAL/PID_CPU_FINAL.srcs/sources_1/new/PID_Controller.v:3]
INFO: [Synth 8-6155] done synthesizing module 'system_PI_ctrl_0_0' (0#1) [c:/Users/BenMillward/Desktop/Complete_setup/tmp/PID_CPU_FINAL/PID_CPU_FINAL.gen/sources_1/bd/system/ip/system_PI_ctrl_0_0/synth/system_PI_ctrl_0_0.v:53]
WARNING: [Synth 8-6014] Unused sequential element rectify_reg was removed.  [C:/Users/BenMillward/Desktop/Complete_setup/tmp/PID_CPU_FINAL/PID_CPU_FINAL.srcs/sources_1/new/PID_Controller.v:67]
WARNING: [Synth 8-6014] Unused sequential element intermediate_out2_reg was removed.  [C:/Users/BenMillward/Desktop/Complete_setup/tmp/PID_CPU_FINAL/PID_CPU_FINAL.srcs/sources_1/new/PID_Controller.v:203]
WARNING: [Synth 8-6014] Unused sequential element out2_reg was removed.  [C:/Users/BenMillward/Desktop/Complete_setup/tmp/PID_CPU_FINAL/PID_CPU_FINAL.srcs/sources_1/new/PID_Controller.v:225]
WARNING: [Synth 8-7129] Port pi_config[31] in module PI_ctrl is either unconnected or has no load
WARNING: [Synth 8-7129] Port pi_config[30] in module PI_ctrl is either unconnected or has no load
WARNING: [Synth 8-7129] Port pi_config[29] in module PI_ctrl is either unconnected or has no load
WARNING: [Synth 8-7129] Port pi_config[27] in module PI_ctrl is either unconnected or has no load
---------------------------------------------------------------------------------
Finished RTL Elaboration : Time (s): cpu = 00:00:09 ; elapsed = 00:00:10 . Memory (MB): peak = 1281.215 ; gain = 0.000
---------------------------------------------------------------------------------
---------------------------------------------------------------------------------
Start Handling Custom Attributes
---------------------------------------------------------------------------------
---------------------------------------------------------------------------------
Finished Handling Custom Attributes : Time (s): cpu = 00:00:09 ; elapsed = 00:00:10 . Memory (MB): peak = 1281.215 ; gain = 0.000
---------------------------------------------------------------------------------
---------------------------------------------------------------------------------
Finished RTL Optimization Phase 1 : Time (s): cpu = 00:00:09 ; elapsed = 00:00:10 . Memory (MB): peak = 1281.215 ; gain = 0.000
---------------------------------------------------------------------------------
Netlist sorting complete. Time (s): cpu = 00:00:00 ; elapsed = 00:00:00.024 . Memory (MB): peak = 1281.215 ; gain = 0.000
INFO: [Project 1-570] Preparing netlist for logic optimization

Processing XDC Constraints
Initializing timing engine
Completed Processing XDC Constraints

Netlist sorting complete. Time (s): cpu = 00:00:00 ; elapsed = 00:00:00 . Memory (MB): peak = 1315.469 ; gain = 0.000
INFO: [Project 1-111] Unisim Transformation Summary:
No Unisim elements were transformed.

Constraint Validation Runtime : Time (s): cpu = 00:00:00 ; elapsed = 00:00:00.027 . Memory (MB): peak = 1315.469 ; gain = 0.000
INFO: [Designutils 20-5008] Incremental synthesis strategy off
---------------------------------------------------------------------------------
Finished Constraint Validation : Time (s): cpu = 00:00:18 ; elapsed = 00:00:20 . Memory (MB): peak = 1315.469 ; gain = 34.254
---------------------------------------------------------------------------------
---------------------------------------------------------------------------------
Start Loading Part and Timing Information
---------------------------------------------------------------------------------
Loading part: xc7z010clg400-1
---------------------------------------------------------------------------------
Finished Loading Part and Timing Information : Time (s): cpu = 00:00:18 ; elapsed = 00:00:20 . Memory (MB): peak = 1315.469 ; gain = 34.254
---------------------------------------------------------------------------------
---------------------------------------------------------------------------------
Start Applying 'set_property' XDC Constraints
---------------------------------------------------------------------------------
---------------------------------------------------------------------------------
Finished applying 'set_property' XDC Constraints : Time (s): cpu = 00:00:18 ; elapsed = 00:00:20 . Memory (MB): peak = 1315.469 ; gain = 34.254
---------------------------------------------------------------------------------
WARNING: [Synth 8-3936] Found unconnected internal register 'deriv_store_reg' and it is trimmed from '48' to '32' bits. [C:/Users/BenMillward/Desktop/Complete_setup/tmp/PID_CPU_FINAL/PID_CPU_FINAL.srcs/sources_1/new/PID_Controller.v:193]
---------------------------------------------------------------------------------
Finished RTL Optimization Phase 2 : Time (s): cpu = 00:00:18 ; elapsed = 00:00:20 . Memory (MB): peak = 1315.469 ; gain = 34.254
---------------------------------------------------------------------------------
---------------------------------------------------------------------------------
Start RTL Component Statistics 
---------------------------------------------------------------------------------
Detailed RTL Component Info : 
+---Adders : 
	   3 Input   64 Bit       Adders := 1     
	   2 Input   33 Bit       Adders := 1     
	   3 Input   32 Bit       Adders := 1     
+---Registers : 
	               64 Bit    Registers := 1     
	               33 Bit    Registers := 2     
	               32 Bit    Registers := 5     
	               14 Bit    Registers := 9     
	                6 Bit    Registers := 3     
	                1 Bit    Registers := 8     
+---Multipliers : 
	              14x32  Multipliers := 2     
+---Muxes : 
	   2 Input   64 Bit        Muxes := 1     
	   2 Input   33 Bit        Muxes := 4     
	   2 Input   32 Bit        Muxes := 1     
	   2 Input   14 Bit        Muxes := 1     
	   2 Input    2 Bit        Muxes := 1     
	   2 Input    1 Bit        Muxes := 1     
---------------------------------------------------------------------------------
Finished RTL Component Statistics 
---------------------------------------------------------------------------------
---------------------------------------------------------------------------------
Start Part Resource Summary
---------------------------------------------------------------------------------
Part Resources:
DSPs: 80 (col length:40)
BRAMs: 120 (col length: RAMB18 40 RAMB36 20)
---------------------------------------------------------------------------------
Finished Part Resource Summary
---------------------------------------------------------------------------------
---------------------------------------------------------------------------------
Start Cross Boundary and Area Optimization
---------------------------------------------------------------------------------
WARNING: [Synth 8-7080] Parallel synthesis criteria is not met
WARNING: [Synth 8-3936] Found unconnected internal register 'deriv_store_reg' and it is trimmed from '32' to '24' bits. [C:/Users/BenMillward/Desktop/Complete_setup/tmp/PID_CPU_FINAL/PID_CPU_FINAL.srcs/sources_1/new/PID_Controller.v:193]
WARNING: [Synth 8-3936] Found unconnected internal register 'error_reg' and it is trimmed from '15' to '7' bits. [C:/Users/BenMillward/Desktop/Complete_setup/tmp/PID_CPU_FINAL/PID_CPU_FINAL.srcs/sources_1/new/PID_Controller.v:122]
DSP Report: Generating DSP in1, operation Mode is: C'+A*B.
DSP Report: register in1 is absorbed into DSP in1.
DSP Report: operator in1 is absorbed into DSP in1.
DSP Report: operator in10 is absorbed into DSP in1.
DSP Report: Generating DSP error0, operation Mode is: C'+A*B.
DSP Report: register error0 is absorbed into DSP error0.
DSP Report: operator error0 is absorbed into DSP error0.
DSP Report: operator in20 is absorbed into DSP error0.
DSP Report: Generating DSP int_mult, operation Mode is: A2*B.
DSP Report: register int_mult is absorbed into DSP int_mult.
DSP Report: operator int_mult is absorbed into DSP int_mult.
DSP Report: operator int_mult is absorbed into DSP int_mult.
DSP Report: Generating DSP int_mult, operation Mode is: (PCIN>>17)+A2*B.
DSP Report: register error_reg is absorbed into DSP int_mult.
DSP Report: operator int_mult is absorbed into DSP int_mult.
DSP Report: operator int_mult is absorbed into DSP int_mult.
DSP Report: Generating DSP deriv_mult2, operation Mode is: A2*B2.
DSP Report: register Kd_reg is absorbed into DSP deriv_mult2.
DSP Report: register deriv_mult2 is absorbed into DSP deriv_mult2.
DSP Report: operator deriv_mult2 is absorbed into DSP deriv_mult2.
DSP Report: operator deriv_mult2 is absorbed into DSP deriv_mult2.
DSP Report: Generating DSP prop_mult, operation Mode is: A2*B.
DSP Report: register prop_mult is absorbed into DSP prop_mult.
DSP Report: operator prop_mult is absorbed into DSP prop_mult.
DSP Report: operator prop_mult is absorbed into DSP prop_mult.
DSP Report: Generating DSP prop_mult, operation Mode is: (PCIN>>17)+A2*B.
DSP Report: register error_reg is absorbed into DSP prop_mult.
DSP Report: operator prop_mult is absorbed into DSP prop_mult.
DSP Report: operator prop_mult is absorbed into DSP prop_mult.
WARNING: [Synth 8-7129] Port pi_config[31] in module PI_ctrl is either unconnected or has no load
WARNING: [Synth 8-7129] Port pi_config[30] in module PI_ctrl is either unconnected or has no load
WARNING: [Synth 8-7129] Port pi_config[29] in module PI_ctrl is either unconnected or has no load
WARNING: [Synth 8-7129] Port pi_config[27] in module PI_ctrl is either unconnected or has no load
---------------------------------------------------------------------------------
Finished Cross Boundary and Area Optimization : Time (s): cpu = 00:00:24 ; elapsed = 00:00:26 . Memory (MB): peak = 1315.469 ; gain = 34.254
---------------------------------------------------------------------------------
---------------------------------------------------------------------------------
Start ROM, RAM, DSP, Shift Register and Retiming Reporting
---------------------------------------------------------------------------------

DSP: Preliminary Mapping Report (see note below. The ' indicates corresponding REG is set)
+------------+-----------------+--------+--------+--------+--------+--------+------+------+------+------+-------+------+------+
|Module Name | DSP Mapping     | A Size | B Size | C Size | D Size | P Size | AREG | BREG | CREG | DREG | ADREG | MREG | PREG | 
+------------+-----------------+--------+--------+--------+--------+--------+------+------+------+------+-------+------+------+
|PI_ctrl     | C'+A*B          | 16     | 14     | 24     | -      | 32     | 0    | 0    | 1    | -    | -     | 0    | 0    | 
|PI_ctrl     | C'+A*B          | 16     | 14     | 24     | -      | 32     | 0    | 0    | 1    | -    | -     | 0    | 0    | 
|PI_ctrl     | A2*B            | 18     | 14     | -      | -      | 48     | 1    | 0    | -    | -    | -     | 0    | 0    | 
|PI_ctrl     | (PCIN>>17)+A2*B | 15     | 14     | -      | -      | 48     | 1    | 0    | -    | -    | -     | 0    | 0    | 
|PI_ctrl     | A2*B2           | 18     | 14     | -      | -      | 48     | 1    | 1    | -    | -    | -     | 0    | 0    | 
|PI_ctrl     | A2*B            | 18     | 14     | -      | -      | 48     | 1    | 0    | -    | -    | -     | 0    | 0    | 
|PI_ctrl     | (PCIN>>17)+A2*B | 15     | 14     | -      | -      | 48     | 1    | 0    | -    | -    | -     | 0    | 0    | 
+------------+-----------------+--------+--------+--------+--------+--------+------+------+------+------+-------+------+------+

Note: The table above is a preliminary report that shows the DSPs inferred at the current stage of the synthesis flow. Some DSP may be reimplemented as non DSP primitives later in the synthesis flow. Multiple instantiated DSPs are reported only once.
---------------------------------------------------------------------------------
Finished ROM, RAM, DSP, Shift Register and Retiming Reporting
---------------------------------------------------------------------------------
---------------------------------------------------------------------------------
Start Applying XDC Timing Constraints
---------------------------------------------------------------------------------
---------------------------------------------------------------------------------
Finished Applying XDC Timing Constraints : Time (s): cpu = 00:00:35 ; elapsed = 00:00:37 . Memory (MB): peak = 1315.469 ; gain = 34.254
---------------------------------------------------------------------------------
---------------------------------------------------------------------------------
Start Timing Optimization
---------------------------------------------------------------------------------
---------------------------------------------------------------------------------
Finished Timing Optimization : Time (s): cpu = 00:00:35 ; elapsed = 00:00:37 . Memory (MB): peak = 1315.469 ; gain = 34.254
---------------------------------------------------------------------------------
---------------------------------------------------------------------------------
Start Technology Mapping
---------------------------------------------------------------------------------
---------------------------------------------------------------------------------
Finished Technology Mapping : Time (s): cpu = 00:00:35 ; elapsed = 00:00:38 . Memory (MB): peak = 1328.789 ; gain = 47.574
---------------------------------------------------------------------------------
---------------------------------------------------------------------------------
Start IO Insertion
---------------------------------------------------------------------------------
---------------------------------------------------------------------------------
Start Flattening Before IO Insertion
---------------------------------------------------------------------------------
---------------------------------------------------------------------------------
Finished Flattening Before IO Insertion
---------------------------------------------------------------------------------
---------------------------------------------------------------------------------
Start Final Netlist Cleanup
---------------------------------------------------------------------------------
---------------------------------------------------------------------------------
Finished Final Netlist Cleanup
---------------------------------------------------------------------------------
---------------------------------------------------------------------------------
Finished IO Insertion : Time (s): cpu = 00:00:42 ; elapsed = 00:00:44 . Memory (MB): peak = 1338.422 ; gain = 57.207
---------------------------------------------------------------------------------
---------------------------------------------------------------------------------
Start Renaming Generated Instances
---------------------------------------------------------------------------------
---------------------------------------------------------------------------------
Finished Renaming Generated Instances : Time (s): cpu = 00:00:42 ; elapsed = 00:00:45 . Memory (MB): peak = 1338.422 ; gain = 57.207
---------------------------------------------------------------------------------
---------------------------------------------------------------------------------
Start Rebuilding User Hierarchy
---------------------------------------------------------------------------------
---------------------------------------------------------------------------------
Finished Rebuilding User Hierarchy : Time (s): cpu = 00:00:42 ; elapsed = 00:00:45 . Memory (MB): peak = 1338.422 ; gain = 57.207
---------------------------------------------------------------------------------
---------------------------------------------------------------------------------
Start Renaming Generated Ports
---------------------------------------------------------------------------------
---------------------------------------------------------------------------------
Finished Renaming Generated Ports : Time (s): cpu = 00:00:42 ; elapsed = 00:00:45 . Memory (MB): peak = 1338.422 ; gain = 57.207
---------------------------------------------------------------------------------
---------------------------------------------------------------------------------
Start Handling Custom Attributes
---------------------------------------------------------------------------------
---------------------------------------------------------------------------------
Finished Handling Custom Attributes : Time (s): cpu = 00:00:42 ; elapsed = 00:00:45 . Memory (MB): peak = 1338.422 ; gain = 57.207
---------------------------------------------------------------------------------
---------------------------------------------------------------------------------
Start Renaming Generated Nets
---------------------------------------------------------------------------------
---------------------------------------------------------------------------------
Finished Renaming Generated Nets : Time (s): cpu = 00:00:42 ; elapsed = 00:00:45 . Memory (MB): peak = 1338.422 ; gain = 57.207
---------------------------------------------------------------------------------
---------------------------------------------------------------------------------
Start Writing Synthesis Report
---------------------------------------------------------------------------------

DSP Final Report (the ' indicates corresponding REG is set)
+------------+---------------+--------+--------+--------+--------+--------+------+------+------+------+-------+------+------+
|Module Name | DSP Mapping   | A Size | B Size | C Size | D Size | P Size | AREG | BREG | CREG | DREG | ADREG | MREG | PREG | 
+------------+---------------+--------+--------+--------+--------+--------+------+------+------+------+-------+------+------+
|PI_ctrl     | C'+A*B        | 30     | 18     | 48     | -      | 32     | 0    | 0    | 0    | -    | -     | 0    | 0    | 
|PI_ctrl     | C'+A*B        | 30     | 18     | 48     | -      | 32     | 0    | 0    | 0    | -    | -     | 0    | 0    | 
|PI_ctrl     | A'*B          | 17     | 18     | -      | -      | 48     | 1    | 0    | -    | -    | -     | 0    | 0    | 
|PI_ctrl     | PCIN>>17+A'*B | 30     | 18     | -      | -      | 48     | 1    | 0    | -    | -    | -     | 0    | 0    | 
|PI_ctrl     | A'*B'         | 17     | 18     | -      | -      | 48     | 1    | 1    | -    | -    | -     | 0    | 0    | 
|PI_ctrl     | A'*B          | 17     | 18     | -      | -      | 48     | 1    | 0    | -    | -    | -     | 0    | 0    | 
|PI_ctrl     | PCIN>>17+A'*B | 30     | 18     | -      | -      | 48     | 1    | 0    | -    | -    | -     | 0    | 0    | 
+------------+---------------+--------+--------+--------+--------+--------+------+------+------+------+-------+------+------+


Report BlackBoxes: 
+-+--------------+----------+
| |BlackBox name |Instances |
+-+--------------+----------+
+-+--------------+----------+

Report Cell Usage: 
+------+--------+------+
|      |Cell    |Count |
+------+--------+------+
|1     |CARRY4  |    70|
|2     |DSP48E1 |     7|
|5     |LUT1    |    42|
|6     |LUT2    |   256|
|7     |LUT3    |   114|
|8     |LUT4    |    82|
|9     |LUT5    |   159|
|10    |LUT6    |   299|
|11    |FDRE    |   263|
|12    |FDSE    |    45|
+------+--------+------+
---------------------------------------------------------------------------------
Finished Writing Synthesis Report : Time (s): cpu = 00:00:42 ; elapsed = 00:00:45 . Memory (MB): peak = 1338.422 ; gain = 57.207
---------------------------------------------------------------------------------
Synthesis finished with 0 errors, 0 critical warnings and 8 warnings.
Synthesis Optimization Runtime : Time (s): cpu = 00:00:31 ; elapsed = 00:00:43 . Memory (MB): peak = 1338.422 ; gain = 22.953
Synthesis Optimization Complete : Time (s): cpu = 00:00:42 ; elapsed = 00:00:45 . Memory (MB): peak = 1338.422 ; gain = 57.207
INFO: [Project 1-571] Translating synthesized netlist
Netlist sorting complete. Time (s): cpu = 00:00:00 ; elapsed = 00:00:00.016 . Memory (MB): peak = 1350.492 ; gain = 0.000
INFO: [Netlist 29-17] Analyzing 77 Unisim elements for replacement
INFO: [Netlist 29-28] Unisim Transformation completed in 0 CPU seconds
WARNING: [Netlist 29-101] Netlist 'system_PI_ctrl_0_0' is not ideal for floorplanning, since the cellview 'PI_ctrl' contains a large number of primitives.  Please consider enabling hierarchy in synthesis if you want to do floorplanning.
INFO: [Project 1-570] Preparing netlist for logic optimization
INFO: [Opt 31-138] Pushed 0 inverter(s) to 0 load pin(s).
Netlist sorting complete. Time (s): cpu = 00:00:00 ; elapsed = 00:00:00 . Memory (MB): peak = 1354.156 ; gain = 0.000
INFO: [Project 1-111] Unisim Transformation Summary:
No Unisim elements were transformed.

Synth Design complete, checksum: e28b69b9
INFO: [Common 17-83] Releasing license: Synthesis
22 Infos, 17 Warnings, 0 Critical Warnings and 0 Errors encountered.
synth_design completed successfully
synth_design: Time (s): cpu = 00:00:47 ; elapsed = 00:00:53 . Memory (MB): peak = 1354.156 ; gain = 72.941
INFO: [Common 17-1381] The checkpoint 'C:/Users/BenMillward/Desktop/Complete_setup/tmp/PID_CPU_FINAL/PID_CPU_FINAL.runs/system_PI_ctrl_0_0_synth_1/system_PI_ctrl_0_0.dcp' has been generated.
INFO: [Coretcl 2-1648] Added synthesis output to IP cache for IP system_PI_ctrl_0_0, cache-ID = cb237675445304d3
INFO: [Common 17-1381] The checkpoint 'C:/Users/BenMillward/Desktop/Complete_setup/tmp/PID_CPU_FINAL/PID_CPU_FINAL.runs/system_PI_ctrl_0_0_synth_1/system_PI_ctrl_0_0.dcp' has been generated.
INFO: [runtcl-4] Executing : report_utilization -file system_PI_ctrl_0_0_utilization_synth.rpt -pb system_PI_ctrl_0_0_utilization_synth.pb
INFO: [Common 17-206] Exiting Vivado at Fri Sep 15 10:49:26 2023...
